<?xml version="1.0" encoding="UTF-8"?>
<testsuite name="com.TodaysDotori.TodaysDotoriApplicationTests" tests="1" skipped="0" failures="0" errors="0" timestamp="2024-12-15T12:30:39" hostname="gangseonghyeon-ui-MacBookPro.local" time="0.498">
  <properties/>
  <testcase name="contextLoads()" classname="com.TodaysDotori.TodaysDotoriApplicationTests" time="0.498"/>
  <system-out><![CDATA[21:30:37.880 [Test worker] INFO org.springframework.test.context.support.AnnotationConfigContextLoaderUtils -- Could not detect default configuration classes for test class [com.TodaysDotori.TodaysDotoriApplicationTests]: TodaysDotoriApplicationTests does not declare any static, non-private, non-final, nested classes annotated with @Configuration.
21:30:37.944 [Test worker] INFO org.springframework.boot.test.context.SpringBootTestContextBootstrapper -- Found @SpringBootConfiguration com.TodaysDotori.TodaysDotoriApplication for test class com.TodaysDotori.TodaysDotoriApplicationTests
21:30:38.031 [Test worker] INFO org.springframework.boot.devtools.restart.RestartApplicationListener -- Restart disabled due to context in which it is running

  .   ____          _            __ _ _
 /\\ / ___'_ __ _ _(_)_ __  __ _ \ \ \ \
( ( )\___ | '_ | '_| | '_ \/ _` | \ \ \ \
 \\/  ___)| |_)| | | | | || (_| |  ) ) ) )
  '  |____| .__|_| |_|_| |_\__, | / / / /
 =========|_|==============|___/=/_/_/_/

 :: Spring Boot ::                (v3.4.0)

2024-12-15T21:30:38.152+09:00  INFO 30221 --- [TodaysDotori] [    Test worker] c.T.TodaysDotoriApplicationTests         : Starting TodaysDotoriApplicationTests using Java 17.0.13 with PID 30221 (started by 104735k_ in /Users/104735k_/Downloads/TodaysDotori)
2024-12-15T21:30:38.153+09:00  INFO 30221 --- [TodaysDotori] [    Test worker] c.T.TodaysDotoriApplicationTests         : No active profile set, falling back to 1 default profile: "default"
2024-12-15T21:30:38.450+09:00  INFO 30221 --- [TodaysDotori] [    Test worker] .s.d.r.c.RepositoryConfigurationDelegate : Bootstrapping Spring Data MongoDB repositories in DEFAULT mode.
2024-12-15T21:30:38.521+09:00  INFO 30221 --- [TodaysDotori] [    Test worker] .s.d.r.c.RepositoryConfigurationDelegate : Finished Spring Data repository scanning in 67 ms. Found 2 MongoDB repository interfaces.
2024-12-15T21:30:38.827+09:00  INFO 30221 --- [TodaysDotori] [    Test worker] org.mongodb.driver.client                : MongoClient with metadata {"driver": {"name": "mongo-java-driver|sync|spring-boot", "version": "5.2.1"}, "os": {"type": "Darwin", "name": "Mac OS X", "architecture": "aarch64", "version": "15.1.1"}, "platform": "Java/Homebrew/17.0.13+0"} created with settings MongoClientSettings{readPreference=primary, writeConcern=WriteConcern{w=majority, wTimeout=null ms, journal=null}, retryWrites=true, retryReads=true, readConcern=ReadConcern{level=null}, credential=MongoCredential{mechanism=null, userName='dotori_admin', source='admin', password=<hidden>, mechanismProperties=<hidden>}, transportSettings=null, commandListeners=[], codecRegistry=ProvidersCodecRegistry{codecProviders=[ValueCodecProvider{}, BsonValueCodecProvider{}, DBRefCodecProvider{}, DBObjectCodecProvider{}, DocumentCodecProvider{}, CollectionCodecProvider{}, IterableCodecProvider{}, MapCodecProvider{}, GeoJsonCodecProvider{}, GridFSFileCodecProvider{}, Jsr310CodecProvider{}, JsonObjectCodecProvider{}, BsonCodecProvider{}, EnumCodecProvider{}, com.mongodb.client.model.mql.ExpressionCodecProvider@39ab5ef7, com.mongodb.Jep395RecordCodecProvider@517704, com.mongodb.KotlinCodecProvider@77cca767]}, loggerSettings=LoggerSettings{maxDocumentLength=1000}, clusterSettings={hosts=[127.0.0.1:27017], srvHost=cluster0fordotori.qqazp.mongodb.net, srvServiceName=mongodb, mode=MULTIPLE, requiredClusterType=REPLICA_SET, requiredReplicaSetName='atlas-t7ly15-shard-0', serverSelector='null', clusterListeners='[]', serverSelectionTimeout='30000 ms', localThreshold='15 ms'}, socketSettings=SocketSettings{connectTimeoutMS=10000, readTimeoutMS=0, receiveBufferSize=0, proxySettings=ProxySettings{host=null, port=null, username=null, password=null}}, heartbeatSocketSettings=SocketSettings{connectTimeoutMS=10000, readTimeoutMS=10000, receiveBufferSize=0, proxySettings=ProxySettings{host=null, port=null, username=null, password=null}}, connectionPoolSettings=ConnectionPoolSettings{maxSize=100, minSize=0, maxWaitTimeMS=120000, maxConnectionLifeTimeMS=0, maxConnectionIdleTimeMS=0, maintenanceInitialDelayMS=0, maintenanceFrequencyMS=60000, connectionPoolListeners=[], maxConnecting=2}, serverSettings=ServerSettings{heartbeatFrequencyMS=10000, minHeartbeatFrequencyMS=500, serverMonitoringMode=AUTO, serverListeners='[]', serverMonitorListeners='[]'}, sslSettings=SslSettings{enabled=true, invalidHostNameAllowed=false, context=null}, applicationName='null', compressorList=[], uuidRepresentation=JAVA_LEGACY, serverApi=null, autoEncryptionSettings=null, dnsClient=null, inetAddressResolver=null, contextProvider=null, timeoutMS=null}
2024-12-15T21:30:38.892+09:00  INFO 30221 --- [TodaysDotori] [azp.mongodb.net] org.mongodb.driver.cluster               : Adding discovered server cluster0fordotori-shard-00-01.qqazp.mongodb.net:27017 to client view of cluster
2024-12-15T21:30:38.903+09:00  INFO 30221 --- [TodaysDotori] [azp.mongodb.net] org.mongodb.driver.cluster               : Adding discovered server cluster0fordotori-shard-00-00.qqazp.mongodb.net:27017 to client view of cluster
2024-12-15T21:30:38.905+09:00  INFO 30221 --- [TodaysDotori] [azp.mongodb.net] org.mongodb.driver.cluster               : Adding discovered server cluster0fordotori-shard-00-02.qqazp.mongodb.net:27017 to client view of cluster
2024-12-15T21:30:39.180+09:00  INFO 30221 --- [TodaysDotori] [    Test worker] o.s.b.a.w.s.WelcomePageHandlerMapping    : Adding welcome page template: index
2024-12-15T21:30:39.353+09:00  INFO 30221 --- [TodaysDotori] [ngodb.net:27017] org.mongodb.driver.cluster               : Monitor thread successfully connected to server with description ServerDescription{address=cluster0fordotori-shard-00-00.qqazp.mongodb.net:27017, type=REPLICA_SET_SECONDARY, cryptd=false, state=CONNECTED, ok=true, minWireVersion=0, maxWireVersion=25, maxDocumentSize=16777216, logicalSessionTimeoutMinutes=30, roundTripTimeNanos=208600500, minRoundTripTimeNanos=0, setName='atlas-t7ly15-shard-0', canonicalAddress=cluster0fordotori-shard-00-00.qqazp.mongodb.net:27017, hosts=[cluster0fordotori-shard-00-02.qqazp.mongodb.net:27017, cluster0fordotori-shard-00-01.qqazp.mongodb.net:27017, cluster0fordotori-shard-00-00.qqazp.mongodb.net:27017], passives=[], arbiters=[], primary='cluster0fordotori-shard-00-02.qqazp.mongodb.net:27017', tagSet=TagSet{[Tag{name='availabilityZone', value='apne2-az1'}, Tag{name='diskState', value='READY'}, Tag{name='nodeType', value='ELECTABLE'}, Tag{name='provider', value='AWS'}, Tag{name='region', value='AP_NORTHEAST_2'}, Tag{name='workloadType', value='OPERATIONAL'}]}, electionId=null, setVersion=9, topologyVersion=TopologyVersion{processId=6759c64d9a11ed514f714842, counter=4}, lastWriteDate=Sun Dec 15 21:30:39 KST 2024, lastUpdateTimeNanos=766911354615833}
2024-12-15T21:30:39.353+09:00  INFO 30221 --- [TodaysDotori] [ngodb.net:27017] org.mongodb.driver.cluster               : Monitor thread successfully connected to server with description ServerDescription{address=cluster0fordotori-shard-00-01.qqazp.mongodb.net:27017, type=REPLICA_SET_SECONDARY, cryptd=false, state=CONNECTED, ok=true, minWireVersion=0, maxWireVersion=25, maxDocumentSize=16777216, logicalSessionTimeoutMinutes=30, roundTripTimeNanos=208612416, minRoundTripTimeNanos=0, setName='atlas-t7ly15-shard-0', canonicalAddress=cluster0fordotori-shard-00-01.qqazp.mongodb.net:27017, hosts=[cluster0fordotori-shard-00-02.qqazp.mongodb.net:27017, cluster0fordotori-shard-00-01.qqazp.mongodb.net:27017, cluster0fordotori-shard-00-00.qqazp.mongodb.net:27017], passives=[], arbiters=[], primary='cluster0fordotori-shard-00-02.qqazp.mongodb.net:27017', tagSet=TagSet{[Tag{name='availabilityZone', value='apne2-az3'}, Tag{name='diskState', value='READY'}, Tag{name='nodeType', value='ELECTABLE'}, Tag{name='provider', value='AWS'}, Tag{name='region', value='AP_NORTHEAST_2'}, Tag{name='workloadType', value='OPERATIONAL'}]}, electionId=null, setVersion=9, topologyVersion=TopologyVersion{processId=6759c6b4d5a0d490dea08a75, counter=3}, lastWriteDate=Sun Dec 15 21:30:39 GMT+09:00 2024, lastUpdateTimeNanos=766911354610416}
2024-12-15T21:30:39.370+09:00  INFO 30221 --- [TodaysDotori] [ngodb.net:27017] org.mongodb.driver.cluster               : Monitor thread successfully connected to server with description ServerDescription{address=cluster0fordotori-shard-00-02.qqazp.mongodb.net:27017, type=REPLICA_SET_PRIMARY, cryptd=false, state=CONNECTED, ok=true, minWireVersion=0, maxWireVersion=25, maxDocumentSize=16777216, logicalSessionTimeoutMinutes=30, roundTripTimeNanos=227736125, minRoundTripTimeNanos=0, setName='atlas-t7ly15-shard-0', canonicalAddress=cluster0fordotori-shard-00-02.qqazp.mongodb.net:27017, hosts=[cluster0fordotori-shard-00-02.qqazp.mongodb.net:27017, cluster0fordotori-shard-00-01.qqazp.mongodb.net:27017, cluster0fordotori-shard-00-00.qqazp.mongodb.net:27017], passives=[], arbiters=[], primary='cluster0fordotori-shard-00-02.qqazp.mongodb.net:27017', tagSet=TagSet{[Tag{name='availabilityZone', value='apne2-az2'}, Tag{name='diskState', value='READY'}, Tag{name='nodeType', value='ELECTABLE'}, Tag{name='provider', value='AWS'}, Tag{name='region', value='AP_NORTHEAST_2'}, Tag{name='workloadType', value='OPERATIONAL'}]}, electionId=7fffffff00000000000000cf, setVersion=9, topologyVersion=TopologyVersion{processId=6759c67f2ccc5a5524b47196, counter=6}, lastWriteDate=Sun Dec 15 21:30:39 GMT+09:00 2024, lastUpdateTimeNanos=766911373730208}
2024-12-15T21:30:39.370+09:00  INFO 30221 --- [TodaysDotori] [ngodb.net:27017] org.mongodb.driver.cluster               : Discovered replica set primary cluster0fordotori-shard-00-02.qqazp.mongodb.net:27017 with max election id 7fffffff00000000000000cf and max set version 9
2024-12-15T21:30:39.945+09:00  INFO 30221 --- [TodaysDotori] [    Test worker] c.T.TodaysDotoriApplicationTests         : Started TodaysDotoriApplicationTests in 1.915 seconds (process running for 2.516)
]]></system-out>
  <system-err><![CDATA[]]></system-err>
</testsuite>
